[18/04/2018 18:57] ༒TᴀͪsͤʜᴋᴇᴛᴄʜͬᴜͤᴍͣL ™༒(236856961478557696) set 10000 credits to uahawke (265565197496745984)
[18/04/2018 18:58] ༒TᴀͪsͤʜᴋᴇᴛᴄʜͬᴜͤᴍͣL ™༒(236856961478557696) set 10000 credits to ༒TᴀͪsͤʜᴋᴇᴛᴄʜͬᴜͤᴍͣL ™༒ (236856961478557696)
[19/04/2018 12:36] The-Doctor(37)(360828289561919500) added 200 credits to The-Doctor(37) (360828289561919500)
[19/04/2018 12:36] The-Doctor(37)(360828289561919500) removed 200 credits to The-Doctor(37) (360828289561919500)
[19/04/2018 19:01] uahawke(265565197496745984) added 1000 credits to uahawke (265565197496745984)
[19/04/2018 20:49] uahawke(265565197496745984) added 1000 credits to The-Doctor(37) (360828289561919500)
[20/04/2018 10:26] uahawke(265565197496745984) added 100 credits to TayloredReign (387129129004302336)
[20/04/2018 10:29] uahawke(265565197496745984) added 100 credits to Demlovespie❤ (333465284151345152)
[20/04/2018 10:29] uahawke(265565197496745984) added 100 credits to Koter46 (415686812632219648)
[20/04/2018 12:08] ༒TᴀͪsͤʜᴋᴇᴛᴄʜͬᴜͤᴍͣL ™༒(236856961478557696) added 100 credits to [YT] Naruto [CSGO] (344082376248524800)
[20/04/2018 14:09] ༒TᴀͪsͤʜᴋᴇᴛᴄʜͬᴜͤᴍͣL ™༒(236856961478557696) added 100 credits to THЭ FΛKЭ  λδH (418364415856082954)
[20/04/2018 14:10] ༒TᴀͪsͤʜᴋᴇᴛᴄʜͬᴜͤᴍͣL ™༒(236856961478557696) added 100 credits to Dogboy (315352080388718602)
[20/04/2018 19:07] uahawke(265565197496745984) added 500 credits to CallMeMixi (336707358505959432)
[20/04/2018 19:08] uahawke(265565197496745984) added 500 credits to Koter46 (415686812632219648)
[22/04/2018 10:36] ༒TᴀͪsͤʜᴋᴇᴛᴄʜͬᴜͤᴍͣL ™༒(236856961478557696) added 200 credits to Koter46 (415686812632219648)
[22/04/2018 10:37] ༒TᴀͪsͤʜᴋᴇᴛᴄʜͬᴜͤᴍͣL ™༒(236856961478557696) added 200 credits to mkline2015 (30) (410795571771605004)
[22/04/2018 16:20] ༒TᴀͪsͤʜᴋᴇᴛᴄʜͬᴜͤᴍͣL ™༒(236856961478557696) added 10000 credits to mkline2015 (30) (410795571771605004)
[23/04/2018 20:03] uahawke(265565197496745984) added 500 credits to Dogboy (315352080388718602)
[25/04/2018 10:20] uahawke(265565197496745984) added 1000 credits to Dogboy (315352080388718602)
[25/04/2018 10:37] uahawke(265565197496745984) added 1000 credits to THЭ FΛKЭ  λδH (418364415856082954)
[25/04/2018 19:26] uahawke(265565197496745984) added 500 credits to james handy (393945798603440139)
[25/04/2018 19:48] ༒TᴀͪsͤʜᴋᴇᴛᴄʜͬᴜͤᴍͣL ™༒(236856961478557696) added 1000 credits to Madara (210118897855102986)
